\BOOKMARK [1][-]{section.1}{\376\377\000A\000\040\000b\000i\000t\000\040\000o\000f\000\040\000q\000u\000a\000n\000t\000u\000m}{}% 1
\BOOKMARK [2][-]{subsubsection.1.0.1}{\376\377\000A\000\040\000b\000i\000t\000\040\000o\000f\000\040\000i\000n\000f\000o\000r\000m\000a\000t\000i\000o\000n}{section.1}% 2
\BOOKMARK [2][-]{subsection.1.1}{\376\377\000D\000i\000a\000g\000r\000a\000m\000s}{section.1}% 3
\BOOKMARK [3][-]{subsubsection.1.1.1}{\376\377\000B\000o\000x\000e\000s\000\040\000a\000n\000d\000\040\000w\000i\000r\000e\000s}{subsection.1.1}% 4
\BOOKMARK [3][-]{subsubsection.1.1.2}{\376\377\000S\000t\000a\000t\000e\000s\000\040\000a\000n\000d\000\040\000t\000e\000s\000t\000s}{subsection.1.1}% 5
\BOOKMARK [3][-]{subsubsection.1.1.3}{\376\377\000R\000e\000w\000r\000i\000t\000i\000n\000g\000\040\000d\000i\000a\000g\000r\000a\000m\000s\000\040\000w\000i\000t\000h\000\040\000e\000q\000u\000a\000t\000i\000o\000n\000s}{subsection.1.1}% 6
\BOOKMARK [2][-]{subsection.1.2}{\376\377\000C\000l\000a\000s\000s\000i\000c\000a\000l\000\040\000l\000o\000g\000i\000c\000\040\000g\000a\000t\000e\000s}{section.1}% 7
\BOOKMARK [1][-]{section.2}{\376\377\000A\000\040\000q\000u\000b\000i\000t\000\040\000o\000f\000\040\000i\000n\000f\000o\000r\000m\000a\000t\000i\000o\000n}{}% 8
\BOOKMARK [2][-]{subsection.2.1}{\376\377\000C\000l\000a\000s\000s\000i\000c\000a\000l\000\040\000s\000t\000a\000t\000e\000s\000\040\000a\000n\000d\000\040\000t\000e\000s\000t\000s}{section.2}% 9
\BOOKMARK [3][-]{subsubsection.2.1.1}{\376\377\000T\000h\000e\000\040\000q\000u\000b\000i\000t\000\040\000N\000O\000T\000\040\000g\000a\000t\000e}{subsection.2.1}% 10
\BOOKMARK [3][-]{subsubsection.2.1.2}{\376\377\000T\000h\000e\000\040\000X\000-\000b\000a\000s\000i\000s\000\040\000s\000t\000a\000t\000e\000s}{subsection.2.1}% 11
\BOOKMARK [2][-]{subsection.2.2}{\376\377\000Q\000u\000a\000n\000t\000u\000m\000\040\000M\000e\000a\000s\000u\000r\000e\000m\000e\000n\000t}{section.2}% 12
\BOOKMARK [3][-]{subsubsection.2.2.1}{\376\377\000T\000h\000e\000\040\000F\000i\000r\000s\000t\000\040\000Q\000u\000a\000n\000t\000u\000m\000\040\000M\000e\000a\000s\000u\000r\000e\000m\000e\000n\000t\000\040\000E\000x\000p\000e\000r\000i\000m\000e\000n\000t}{subsection.2.2}% 13
\BOOKMARK [2][-]{subsection.2.3}{\376\377\000T\000h\000e\000\040\000p\000u\000r\000e\000\040\000q\000u\000b\000i\000t\000\040\000s\000t\000a\000t\000e\000,\000\040\000i\000n\000\040\000g\000e\000n\000e\000r\000a\000l}{section.2}% 14
\BOOKMARK [3][-]{subsubsection.2.3.1}{\376\377\000S\000t\000a\000t\000e\000v\000e\000c\000t\000o\000r\000s\000\040\000o\000n\000\040\000t\000h\000e\000\040\000u\000n\000i\000t\000\040\000c\000i\000r\000c\000l\000e}{subsection.2.3}% 15
\BOOKMARK [3][-]{subsubsection.2.3.2}{\376\377\000S\000t\000a\000t\000e\000v\000e\000c\000t\000o\000r\000s\000\040\000o\000n\000\040\000t\000h\000e\000\040\000B\000l\000o\000c\000h\000\040\000s\000p\000h\000e\000r\000e}{subsection.2.3}% 16
\BOOKMARK [1][-]{section.3}{\376\377\000B\000u\000i\000l\000d\000i\000n\000g\000\040\000a\000\040\000q\000u\000a\000n\000t\000u\000m\000\040\000c\000i\000r\000c\000u\000i\000t}{}% 17
\BOOKMARK [2][-]{subsection.3.1}{\376\377\000Q\000u\000a\000n\000t\000u\000m\000\040\000g\000a\000t\000e\000s\000,\000\040\000P\000a\000r\000t\000\040\0001\000:\000\040\000P\000a\000u\000l\000i\000s}{section.3}% 18
\BOOKMARK [3][-]{subsubsection.3.1.1}{\376\377\000T\000h\000e\000\040\000I\000\040\000g\000a\000t\000e}{subsection.3.1}% 19
\BOOKMARK [3][-]{subsubsection.3.1.2}{\376\377\000T\000h\000e\000\040\000X\000\040\000g\000a\000t\000e}{subsection.3.1}% 20
\BOOKMARK [3][-]{subsubsection.3.1.3}{\376\377\000T\000h\000e\000\040\000Z\000\040\000g\000a\000t\000e}{subsection.3.1}% 21
\BOOKMARK [3][-]{subsubsection.3.1.4}{\376\377\000T\000h\000e\000\040\000Y\000\040\000g\000a\000t\000e}{subsection.3.1}% 22
\BOOKMARK [3][-]{subsubsection.3.1.5}{\376\377\000T\000h\000e\000\040\000P\000a\000u\000l\000i\000\040\000g\000r\000o\000u\000p}{subsection.3.1}% 23
\BOOKMARK [2][-]{subsection.3.2}{\376\377\000M\000o\000r\000e\000\040\000o\000n\000e\000-\000q\000u\000b\000i\000t\000\040\000g\000a\000t\000e\000s}{section.3}% 24
\BOOKMARK [3][-]{subsubsection.3.2.1}{\376\377\000V\000i\000s\000u\000a\000l\000i\000z\000i\000n\000g\000\040\000r\000o\000t\000a\000t\000i\000o\000n\000\040\000g\000a\000t\000e\000s\000\040\000o\000n\000\040\000t\000h\000e\000\040\000B\000l\000o\000c\000h\000\040\000s\000p\000h\000e\000r\000e}{subsection.3.2}% 25
\BOOKMARK [3][-]{subsubsection.3.2.2}{\376\377\000T\000h\000e\000\040\000H\000\040\000g\000a\000t\000e}{subsection.3.2}% 26
\BOOKMARK [2][-]{subsection.3.3}{\376\377\000R\000e\000c\000i\000p\000e\000\040\000f\000o\000r\000\040\000o\000n\000e\000-\000q\000u\000b\000i\000t\000\040\000q\000u\000a\000n\000t\000u\000m\000\040\000c\000i\000r\000c\000u\000i\000t\000s}{section.3}% 27
\BOOKMARK [1][-]{section.4}{\376\377\000T\000h\000e\000\040\000Z\000X\000-\000c\000a\000l\000c\000u\000l\000u\000s}{}% 28
\BOOKMARK [2][-]{subsection.4.1}{\376\377\000Z\000\040\000a\000n\000d\000\040\000X\000\040\000r\000o\000t\000a\000t\000i\000o\000n\000s\000\040\000i\000n\000\040\000t\000h\000e\000\040\000Z\000X\000-\000c\000a\000l\000c\000u\000l\000u\000s}{section.4}% 29
\BOOKMARK [2][-]{subsection.4.2}{\376\377\000C\000o\000l\000o\000r\000\040\000c\000h\000a\000n\000g\000i\000n\000g\000\040\000i\000n\000\040\000t\000h\000e\000\040\000Z\000X\000-\000c\000a\000l\000c\000u\000l\000u\000s}{section.4}% 30
\BOOKMARK [1][-]{section.5}{\376\377\000Q\000u\000b\000i\000t\000s\000\040\000s\000i\000d\000e\000\040\000b\000y\000\040\000s\000i\000d\000e}{}% 31
\BOOKMARK [2][-]{subsection.5.1}{\376\377\000P\000r\000o\000d\000u\000c\000t\000\040\000s\000t\000a\000t\000e\000s}{section.5}% 32
\BOOKMARK [3][-]{subsubsection.5.1.1}{\376\377\000T\000h\000e\000\040\000t\000w\000o\000-\000q\000u\000b\000i\000t\000\040\000Z\000-\000b\000a\000s\000i\000s\000\040\000s\000t\000a\000t\000e\000s}{subsection.5.1}% 33
\BOOKMARK [3][-]{subsubsection.5.1.2}{\376\377\000T\000h\000e\000\040\000t\000w\000o\000-\000q\000u\000b\000i\000t\000\040\000X\000-\000b\000a\000s\000i\000s\000\040\000s\000t\000a\000t\000e\000s}{subsection.5.1}% 34
\BOOKMARK [2][-]{subsection.5.2}{\376\377\000E\000n\000t\000a\000n\000g\000l\000e\000d\000\040\000s\000t\000a\000t\000e\000s}{section.5}% 35
\BOOKMARK [3][-]{subsubsection.5.2.1}{\376\377\000T\000h\000e\000\040\000C\000X\000\040\000g\000a\000t\000e}{subsection.5.2}% 36
\BOOKMARK [3][-]{subsubsection.5.2.2}{\376\377\000T\000h\000e\000\040\000B\000e\000l\000l\000\040\000s\000t\000a\000t\000e}{subsection.5.2}% 37
\BOOKMARK [2][-]{subsection.5.3}{\376\377\000T\000h\000e\000\040\000B\000e\000l\000l\000\040\000b\000a\000s\000i\000s}{section.5}% 38
\BOOKMARK [1][-]{section.6}{\376\377\000Q\000u\000a\000n\000t\000u\000m\000\040\000t\000e\000l\000e\000p\000o\000r\000t\000a\000t\000i\000o\000n}{}% 39
